<?xml version="1.0" encoding="UTF-8"?>
<!-- Generated by org.testng.reporters.JUnitReportReporter -->
<testsuite skipped="0" hostname="Suraj-Ak47-PC" name="QAClickAcademy.MavenJava.AppiumTest" tests="2" failures="0" timestamp="11 May 2021 14:31:55 GMT" time="0.006" errors="0">
  <testcase name="IOSApps" time="0.005" classname="QAClickAcademy.MavenJava.AppiumTest"/>
  <testcase name="NativeAppAndroid" time="0.001" classname="QAClickAcademy.MavenJava.AppiumTest"/>
</testsuite> <!-- QAClickAcademy.MavenJava.AppiumTest -->
