<?xml version="1.0" encoding="UTF-8"?>
<!-- Generated by org.testng.reporters.JUnitReportReporter -->
<testsuite skipped="0" hostname="Suraj-Ak47-PC" name="QAClickAcademy.MavenJava.SeleniumTest" tests="2" failures="0" timestamp="11 May 2021 14:31:55 GMT" time="0.014" errors="0">
  <testcase name="ElementsUI" time="0.001" classname="QAClickAcademy.MavenJava.SeleniumTest"/>
  <testcase name="BrowserAutomation" time="0.013" classname="QAClickAcademy.MavenJava.SeleniumTest"/>
</testsuite> <!-- QAClickAcademy.MavenJava.SeleniumTest -->
