<?xml version="1.0" encoding="UTF-8"?>
<!-- Generated by org.testng.reporters.JUnitReportReporter -->
<testsuite skipped="0" hostname="Suraj-Ak47-PC" name="QAClickAcademy.MavenJava.RestAPITest" tests="2" failures="0" timestamp="11 May 2021 14:31:55 GMT" time="0.002" errors="0">
  <testcase name="DeleteTwitter" time="0.001" classname="QAClickAcademy.MavenJava.RestAPITest"/>
  <testcase name="PostJiraTest" time="0.001" classname="QAClickAcademy.MavenJava.RestAPITest"/>
</testsuite> <!-- QAClickAcademy.MavenJava.RestAPITest -->
