<?xml version="1.0" encoding="UTF-8"?>
<!-- Generated by org.testng.reporters.JUnitReportReporter -->
<testsuite skipped="0" hostname="Suraj-Ak47-PC" name="QAClickAcademy.MavenJava.AppiumTest" tests="2" failures="0" timestamp="2021-05-11T20:40:37 IST" time="0.012" errors="0">
  <testcase name="NativeAppAndroid" time="0.001" classname="QAClickAcademy.MavenJava.AppiumTest"/>
  <system-out/>
  <testcase name="IOSApps" time="0.011" classname="QAClickAcademy.MavenJava.AppiumTest"/>
  <system-out/>
</testsuite> <!-- QAClickAcademy.MavenJava.AppiumTest -->
