<?xml version="1.0" encoding="UTF-8"?>
<!-- Generated by org.testng.reporters.JUnitReportReporter -->
<testsuite skipped="0" hostname="Suraj-Ak47-PC" name="QAClickAcademy.MavenJava.RestAPITest" tests="2" failures="0" timestamp="2021-05-11T20:40:37 IST" time="0.002" errors="0">
  <testcase name="DeleteTwitter" time="0.001" classname="QAClickAcademy.MavenJava.RestAPITest"/>
  <system-out/>
  <testcase name="PostJiraTest" time="0.001" classname="QAClickAcademy.MavenJava.RestAPITest"/>
  <system-out/>
</testsuite> <!-- QAClickAcademy.MavenJava.RestAPITest -->
